<?xml version="1.0" encoding="UTF-8"?>
<testsuite xmlns:xsi="http://www.w3.org/2001/XMLSchema-instance" xsi:noNamespaceSchemaLocation="https://maven.apache.org/surefire/maven-surefire-plugin/xsd/surefire-test-report-3.0.xsd" version="3.0" name="com.springboot.gamedle.GamedleApplicationTests" time="4.377" tests="1" errors="0" skipped="0" failures="0">
  <properties>
[...]
</properties>
  <testcase name="contextLoads" classname="com.springboot.gamedle.GamedleApplicationTests" time="0.889">
    <system-out><![CDATA[14:07:04.019 [main] INFO org.springframework.test.context.support.AnnotationConfigContextLoaderUtils -- Could not detect default configuration classes for test class [com.springboot.gamedle.GamedleApplicationTests]: GamedleApplicationTests does not declare any static, non-private, non-final, nested classes annotated with @Configuration.
14:07:04.142 [main] INFO org.springframework.boot.test.context.SpringBootTestContextBootstrapper -- Found @SpringBootConfiguration com.springboot.gamedle.GamedleApplication for test class com.springboot.gamedle.GamedleApplicationTests
  .   ____          _            __ _ _
 /\\ / ___'_ __ _ _(_)_ __  __ _ \ \ \ \
( ( )\___ | '_ | '_| | '_ \/ _` | \ \ \ \
 \\/  ___)| |_)| | | | | || (_| |  ) ) ) )
  '  |____| .__|_| |_|_| |_\__, | / / / /
 =========|_|==============|___/=/_/_/_/

 :: Spring Boot ::                (v3.3.0)

2024-06-11T14:07:04.770+02:00  INFO 19196 --- [           main] c.s.gamedle.GamedleApplicationTests      : Starting GamedleApplicationTests using Java 22.0.1 with PID 19196 (started by migue in C:\Users\migue\IdeaProjects\Gamedle\gamedle)
2024-06-11T14:07:04.772+02:00  INFO 19196 --- [           main] c.s.gamedle.GamedleApplicationTests      : No active profile set, falling back to 1 default profile: "default"
2024-06-11T14:07:05.553+02:00  INFO 19196 --- [           main] .s.d.r.c.RepositoryConfigurationDelegate : Bootstrapping Spring Data MongoDB repositories in DEFAULT mode.
2024-06-11T14:07:05.616+02:00  INFO 19196 --- [           main] .s.d.r.c.RepositoryConfigurationDelegate : Finished Spring Data repository scanning in 57 ms. Found 1 MongoDB repository interface.
2024-06-11T14:07:06.145+02:00  INFO 19196 --- [nds.mongodb.net] org.mongodb.driver.cluster               : Adding discovered server ac-2hry8su-shard-00-01.5tjsnds.mongodb.net:27017 to client view of cluster
2024-06-11T14:07:06.166+02:00  INFO 19196 --- [           main] org.mongodb.driver.client                : MongoClient with metadata {"application": {"name": "gamedle"}, "driver": {"name": "mongo-java-driver|sync|spring-boot", "version": "5.0.1"}, "os": {"type": "Windows", "name": "Windows 10", "architecture": "amd64", "version": "10.0"}, "platform": "Java/Oracle Corporation/22.0.1+8-16"} created with settings MongoClientSettings{readPreference=primary, writeConcern=WriteConcern{w=majority, wTimeout=null ms, journal=null}, retryWrites=true, retryReads=true, readConcern=ReadConcern{level=null}, credential=MongoCredential{mechanism=null, userName='admin', source='admin', password=<hidden>, mechanismProperties=<hidden>}, transportSettings=null, commandListeners=[], codecRegistry=ProvidersCodecRegistry{codecProviders=[ValueCodecProvider{}, BsonValueCodecProvider{}, DBRefCodecProvider{}, DBObjectCodecProvider{}, DocumentCodecProvider{}, CollectionCodecProvider{}, IterableCodecProvider{}, MapCodecProvider{}, GeoJsonCodecProvider{}, GridFSFileCodecProvider{}, Jsr310CodecProvider{}, JsonObjectCodecProvider{}, BsonCodecProvider{}, EnumCodecProvider{}, com.mongodb.client.model.mql.ExpressionCodecProvider@40c2ce52, com.mongodb.Jep395RecordCodecProvider@18a19e, com.mongodb.KotlinCodecProvider@60a7e509]}, loggerSettings=LoggerSettings{maxDocumentLength=1000}, clusterSettings={hosts=[127.0.0.1:27017], srvHost=gamedle.5tjsnds.mongodb.net, srvServiceName=mongodb, mode=MULTIPLE, requiredClusterType=REPLICA_SET, requiredReplicaSetName='atlas-8hw8ee-shard-0', serverSelector='null', clusterListeners='[]', serverSelectionTimeout='30000 ms', localThreshold='15 ms'}, socketSettings=SocketSettings{connectTimeoutMS=10000, readTimeoutMS=0, receiveBufferSize=0, proxySettings=ProxySettings{host=null, port=null, username=null, password=null}}, heartbeatSocketSettings=SocketSettings{connectTimeoutMS=10000, readTimeoutMS=10000, receiveBufferSize=0, proxySettings=ProxySettings{host=null, port=null, username=null, password=null}}, connectionPoolSettings=ConnectionPoolSettings{maxSize=100, minSize=0, maxWaitTimeMS=120000, maxConnectionLifeTimeMS=0, maxConnectionIdleTimeMS=0, maintenanceInitialDelayMS=0, maintenanceFrequencyMS=60000, connectionPoolListeners=[], maxConnecting=2}, serverSettings=ServerSettings{heartbeatFrequencyMS=10000, minHeartbeatFrequencyMS=500, serverListeners='[]', serverMonitorListeners='[]'}, sslSettings=SslSettings{enabled=true, invalidHostNameAllowed=false, context=null}, applicationName='gamedle', compressorList=[], uuidRepresentation=JAVA_LEGACY, serverApi=null, autoEncryptionSettings=null, dnsClient=null, inetAddressResolver=null, contextProvider=null}
2024-06-11T14:07:06.183+02:00  INFO 19196 --- [nds.mongodb.net] org.mongodb.driver.cluster               : Adding discovered server ac-2hry8su-shard-00-00.5tjsnds.mongodb.net:27017 to client view of cluster
2024-06-11T14:07:06.187+02:00  INFO 19196 --- [nds.mongodb.net] org.mongodb.driver.cluster               : Adding discovered server ac-2hry8su-shard-00-02.5tjsnds.mongodb.net:27017 to client view of cluster
2024-06-11T14:07:06.851+02:00  INFO 19196 --- [ngodb.net:27017] org.mongodb.driver.cluster               : Monitor thread successfully connected to server with description ServerDescription{address=ac-2hry8su-shard-00-01.5tjsnds.mongodb.net:27017, type=REPLICA_SET_PRIMARY, state=CONNECTED, ok=true, minWireVersion=0, maxWireVersion=21, maxDocumentSize=16777216, logicalSessionTimeoutMinutes=30, roundTripTimeNanos=395171600, setName='atlas-8hw8ee-shard-0', canonicalAddress=ac-2hry8su-shard-00-01.5tjsnds.mongodb.net:27017, hosts=[ac-2hry8su-shard-00-02.5tjsnds.mongodb.net:27017, ac-2hry8su-shard-00-00.5tjsnds.mongodb.net:27017, ac-2hry8su-shard-00-01.5tjsnds.mongodb.net:27017], passives=[], arbiters=[], primary='ac-2hry8su-shard-00-01.5tjsnds.mongodb.net:27017', tagSet=TagSet{[Tag{name='availabilityZone', value='euw3-az2'}, Tag{name='diskState', value='READY'}, Tag{name='nodeType', value='ELECTABLE'}, Tag{name='provider', value='AWS'}, Tag{name='region', value='EU_WEST_3'}, Tag{name='workloadType', value='OPERATIONAL'}]}, electionId=7fffffff0000000000000013, setVersion=5, topologyVersion=TopologyVersion{processId=6660b9ab0197144596d2fd7a, counter=6}, lastWriteDate=Tue Jun 11 14:07:07 CEST 2024, lastUpdateTimeNanos=248463708710100}
2024-06-11T14:07:06.851+02:00  INFO 19196 --- [ngodb.net:27017] org.mongodb.driver.cluster               : Monitor thread successfully connected to server with description ServerDescription{address=ac-2hry8su-shard-00-00.5tjsnds.mongodb.net:27017, type=REPLICA_SET_SECONDARY, state=CONNECTED, ok=true, minWireVersion=0, maxWireVersion=21, maxDocumentSize=16777216, logicalSessionTimeoutMinutes=30, roundTripTimeNanos=380185400, setName='atlas-8hw8ee-shard-0', canonicalAddress=ac-2hry8su-shard-00-00.5tjsnds.mongodb.net:27017, hosts=[ac-2hry8su-shard-00-02.5tjsnds.mongodb.net:27017, ac-2hry8su-shard-00-00.5tjsnds.mongodb.net:27017, ac-2hry8su-shard-00-01.5tjsnds.mongodb.net:27017], passives=[], arbiters=[], primary='ac-2hry8su-shard-00-01.5tjsnds.mongodb.net:27017', tagSet=TagSet{[Tag{name='availabilityZone', value='euw3-az1'}, Tag{name='diskState', value='READY'}, Tag{name='nodeType', value='ELECTABLE'}, Tag{name='provider', value='AWS'}, Tag{name='region', value='EU_WEST_3'}, Tag{name='workloadType', value='OPERATIONAL'}]}, electionId=null, setVersion=5, topologyVersion=TopologyVersion{processId=6660b7b0e695f23cc2ec52f8, counter=4}, lastWriteDate=Tue Jun 11 14:07:07 CEST 2024, lastUpdateTimeNanos=248463708731000}
2024-06-11T14:07:06.851+02:00  INFO 19196 --- [ngodb.net:27017] org.mongodb.driver.cluster               : Monitor thread successfully connected to server with description ServerDescription{address=ac-2hry8su-shard-00-02.5tjsnds.mongodb.net:27017, type=REPLICA_SET_SECONDARY, state=CONNECTED, ok=true, minWireVersion=0, maxWireVersion=21, maxDocumentSize=16777216, logicalSessionTimeoutMinutes=30, roundTripTimeNanos=394126400, setName='atlas-8hw8ee-shard-0', canonicalAddress=ac-2hry8su-shard-00-02.5tjsnds.mongodb.net:27017, hosts=[ac-2hry8su-shard-00-02.5tjsnds.mongodb.net:27017, ac-2hry8su-shard-00-00.5tjsnds.mongodb.net:27017, ac-2hry8su-shard-00-01.5tjsnds.mongodb.net:27017], passives=[], arbiters=[], primary='ac-2hry8su-shard-00-01.5tjsnds.mongodb.net:27017', tagSet=TagSet{[Tag{name='availabilityZone', value='euw3-az3'}, Tag{name='diskState', value='READY'}, Tag{name='nodeType', value='ELECTABLE'}, Tag{name='provider', value='AWS'}, Tag{name='region', value='EU_WEST_3'}, Tag{name='workloadType', value='OPERATIONAL'}]}, electionId=null, setVersion=5, topologyVersion=TopologyVersion{processId=6660bc035786bf979ed33f6a, counter=3}, lastWriteDate=Tue Jun 11 14:07:07 CEST 2024, lastUpdateTimeNanos=248463708710100}
2024-06-11T14:07:06.855+02:00  INFO 19196 --- [ngodb.net:27017] org.mongodb.driver.cluster               : Discovered replica set primary ac-2hry8su-shard-00-01.5tjsnds.mongodb.net:27017 with max election id 7fffffff0000000000000013 and max set version 5
2024-06-11T14:07:07.258+02:00  INFO 19196 --- [           main] c.s.gamedle.GamedleApplicationTests      : Started GamedleApplicationTests in 2.938 seconds (process running for 4.31)
]]></system-out>
    <system-err><![CDATA[WARNING: A Java agent has been loaded dynamically (C:\Users\migue\.m2\repository\net\bytebuddy\byte-buddy-agent\1.14.16\byte-buddy-agent-1.14.16.jar)
WARNING: If a serviceability tool is in use, please run with -XX:+EnableDynamicAgentLoading to hide this warning
WARNING: If a serviceability tool is not in use, please run with -Djdk.instrument.traceUsage for more information
WARNING: Dynamic loading of agents will be disallowed by default in a future release
]]></system-err>
  </testcase>
</testsuite>